{"/mnt/c/Users/gbkim/Documents/DeFastestImgExpress/index.js":{"path":"/mnt/c/Users/gbkim/Documents/DeFastestImgExpress/index.js","s":{"1":1,"2":1,"3":1,"4":0,"5":0},"b":{},"f":{"1":0,"2":0},"fnMap":{"1":{"name":"imagerience","line":24,"loc":{"start":{"line":24,"column":0},"end":{"line":24,"column":31}}},"2":{"name":"cdn","line":25,"loc":{"start":{"line":25,"column":9},"end":{"line":25,"column":39}}}},"statementMap":{"1":{"start":{"line":15,"column":0},"end":{"line":15,"column":28}},"2":{"start":{"line":22,"column":0},"end":{"line":22,"column":36}},"3":{"start":{"line":24,"column":0},"end":{"line":28,"column":1}},"4":{"start":{"line":25,"column":2},"end":{"line":27,"column":3}},"5":{"start":{"line":26,"column":4},"end":{"line":26,"column":10}}},"branchMap":{}}}